2023-05-13 05:31:13 WARNING django.request Not Found: /
2023-05-13 05:31:13 WARNING django.server "GET / HTTP/1.1" 404 2425
2023-05-13 05:31:13 WARNING django.request Not Found: /favicon.ico
2023-05-13 05:31:13 WARNING django.server "GET /favicon.ico HTTP/1.1" 404 2476
2023-05-13 05:35:08 WARNING django.request Unauthorized: /api/v1/recruiter/candidate-applied/
2023-05-13 05:35:08 WARNING django.server "GET /api/v1/recruiter/candidate-applied/ HTTP/1.1" 401 57
2023-05-13 05:35:17 WARNING django.request Forbidden: /api/v1/recruiter/candidate-applied/
2023-05-13 05:35:17 WARNING django.server "GET /api/v1/recruiter/candidate-applied/ HTTP/1.1" 403 91
2023-05-13 05:35:43 WARNING django.request Forbidden: /api/v1/recruiter/candidate-applied/
2023-05-13 05:35:43 WARNING django.server "GET /api/v1/recruiter/candidate-applied/ HTTP/1.1" 403 91
2023-05-13 05:45:44 WARNING django.request Forbidden: /api/v1/recruiter/candidate-applied/
2023-05-13 05:45:44 WARNING django.server "GET /api/v1/recruiter/candidate-applied/ HTTP/1.1" 403 91
2023-05-13 05:52:54 WARNING django.request Unprocessable Entity: /api/v1/accounts/recruiter-login/
2023-05-13 05:52:54 WARNING django.server "POST /api/v1/accounts/recruiter-login/ HTTP/1.1" 422 73
2023-05-13 06:01:32 WARNING django.request Forbidden: /api/v1/student/job-apply-list/
2023-05-13 06:01:32 WARNING django.server "GET /api/v1/student/job-apply-list/ HTTP/1.1" 403 88
2023-05-13 06:02:27 WARNING django.request Unprocessable Entity: /api/v1/accounts/student-login/
2023-05-13 06:02:27 WARNING django.server "POST /api/v1/accounts/student-login/ HTTP/1.1" 422 76
2023-05-13 06:02:35 WARNING django.request Unprocessable Entity: /api/v1/accounts/student-login/
2023-05-13 06:02:35 WARNING django.server "POST /api/v1/accounts/student-login/ HTTP/1.1" 422 76
2023-05-13 06:02:40 WARNING django.request Unprocessable Entity: /api/v1/accounts/student-login/
2023-05-13 06:02:40 WARNING django.server "POST /api/v1/accounts/student-login/ HTTP/1.1" 422 76
2023-05-13 06:03:13 WARNING django.request Unprocessable Entity: /api/v1/accounts/student-login/
2023-05-13 06:03:13 WARNING django.server "POST /api/v1/accounts/student-login/ HTTP/1.1" 422 76
2023-05-13 06:03:19 WARNING django.request Unprocessable Entity: /api/v1/accounts/student-login/
2023-05-13 06:03:19 WARNING django.server "POST /api/v1/accounts/student-login/ HTTP/1.1" 422 76
2023-05-13 06:04:05 ERROR django.request Internal Server Error: /api/v1/student/job-apply-list/
Traceback (most recent call last):
  File "/home/suraj/Desktop/JobBackend/JobPortalBackend/venv/lib/python3.10/site-packages/django/core/handlers/exception.py", line 55, in inner
    response = get_response(request)
  File "/home/suraj/Desktop/JobBackend/JobPortalBackend/venv/lib/python3.10/site-packages/django/core/handlers/base.py", line 197, in _get_response
    response = wrapped_callback(request, *callback_args, **callback_kwargs)
  File "/home/suraj/Desktop/JobBackend/JobPortalBackend/venv/lib/python3.10/site-packages/django/views/decorators/csrf.py", line 56, in wrapper_view
    return view_func(*args, **kwargs)
  File "/home/suraj/Desktop/JobBackend/JobPortalBackend/venv/lib/python3.10/site-packages/django/views/generic/base.py", line 104, in view
    return self.dispatch(request, *args, **kwargs)
  File "/home/suraj/Desktop/JobBackend/JobPortalBackend/venv/lib/python3.10/site-packages/rest_framework/views.py", line 509, in dispatch
    response = self.handle_exception(exc)
  File "/home/suraj/Desktop/JobBackend/JobPortalBackend/venv/lib/python3.10/site-packages/rest_framework/views.py", line 469, in handle_exception
    self.raise_uncaught_exception(exc)
  File "/home/suraj/Desktop/JobBackend/JobPortalBackend/venv/lib/python3.10/site-packages/rest_framework/views.py", line 480, in raise_uncaught_exception
    raise exc
  File "/home/suraj/Desktop/JobBackend/JobPortalBackend/venv/lib/python3.10/site-packages/rest_framework/views.py", line 506, in dispatch
    response = handler(request, *args, **kwargs)
  File "/home/suraj/Desktop/JobBackend/JobPortalBackend/venv/lib/python3.10/site-packages/drf_spectacular/drainage.py", line 193, in wrapped_method
    return method(self, request, *args, **kwargs)
  File "/home/suraj/Desktop/JobBackend/JobPortalBackend/venv/lib/python3.10/site-packages/rest_framework/generics.py", line 199, in get
    return self.list(request, *args, **kwargs)
  File "/home/suraj/Desktop/JobBackend/JobPortalBackend/student/api/viewsets/change_profile.py", line 149, in list
    response = super().list(request, *args, **kwargs)
  File "/home/suraj/Desktop/JobBackend/JobPortalBackend/venv/lib/python3.10/site-packages/rest_framework/mixins.py", line 38, in list
    queryset = self.filter_queryset(self.get_queryset())
  File "/home/suraj/Desktop/JobBackend/JobPortalBackend/venv/lib/python3.10/site-packages/rest_framework/generics.py", line 63, in get_queryset
    assert self.queryset is not None, (
AssertionError: 'JobApplyListView' should either include a `queryset` attribute, or override the `get_queryset()` method.
2023-05-13 06:04:05 ERROR django.server "GET /api/v1/student/job-apply-list/ HTTP/1.1" 500 115520
2023-05-13 06:14:56 ERROR django.request Internal Server Error: /api/v1/student/job-apply-list/
Traceback (most recent call last):
  File "/home/suraj/Desktop/JobBackend/JobPortalBackend/venv/lib/python3.10/site-packages/django/core/handlers/exception.py", line 55, in inner
    response = get_response(request)
  File "/home/suraj/Desktop/JobBackend/JobPortalBackend/venv/lib/python3.10/site-packages/django/core/handlers/base.py", line 197, in _get_response
    response = wrapped_callback(request, *callback_args, **callback_kwargs)
  File "/home/suraj/Desktop/JobBackend/JobPortalBackend/venv/lib/python3.10/site-packages/django/views/decorators/csrf.py", line 56, in wrapper_view
    return view_func(*args, **kwargs)
  File "/home/suraj/Desktop/JobBackend/JobPortalBackend/venv/lib/python3.10/site-packages/django/views/generic/base.py", line 104, in view
    return self.dispatch(request, *args, **kwargs)
  File "/home/suraj/Desktop/JobBackend/JobPortalBackend/venv/lib/python3.10/site-packages/rest_framework/views.py", line 509, in dispatch
    response = self.handle_exception(exc)
  File "/home/suraj/Desktop/JobBackend/JobPortalBackend/venv/lib/python3.10/site-packages/rest_framework/views.py", line 469, in handle_exception
    self.raise_uncaught_exception(exc)
  File "/home/suraj/Desktop/JobBackend/JobPortalBackend/venv/lib/python3.10/site-packages/rest_framework/views.py", line 480, in raise_uncaught_exception
    raise exc
  File "/home/suraj/Desktop/JobBackend/JobPortalBackend/venv/lib/python3.10/site-packages/rest_framework/views.py", line 506, in dispatch
    response = handler(request, *args, **kwargs)
  File "/home/suraj/Desktop/JobBackend/JobPortalBackend/venv/lib/python3.10/site-packages/drf_spectacular/drainage.py", line 193, in wrapped_method
    return method(self, request, *args, **kwargs)
  File "/home/suraj/Desktop/JobBackend/JobPortalBackend/venv/lib/python3.10/site-packages/rest_framework/generics.py", line 199, in get
    return self.list(request, *args, **kwargs)
  File "/home/suraj/Desktop/JobBackend/JobPortalBackend/student/api/viewsets/change_profile.py", line 161, in list
    queryset = self.filter_queryset(self.get_queryset()).filter(
  File "/home/suraj/Desktop/JobBackend/JobPortalBackend/venv/lib/python3.10/site-packages/django/db/models/query.py", line 1436, in filter
    return self._filter_or_exclude(False, args, kwargs)
  File "/home/suraj/Desktop/JobBackend/JobPortalBackend/venv/lib/python3.10/site-packages/django/db/models/query.py", line 1454, in _filter_or_exclude
    clone._filter_or_exclude_inplace(negate, args, kwargs)
  File "/home/suraj/Desktop/JobBackend/JobPortalBackend/venv/lib/python3.10/site-packages/django/db/models/query.py", line 1461, in _filter_or_exclude_inplace
    self._query.add_q(Q(*args, **kwargs))
  File "/home/suraj/Desktop/JobBackend/JobPortalBackend/venv/lib/python3.10/site-packages/django/db/models/sql/query.py", line 1498, in add_q
    clause, _ = self._add_q(q_object, self.used_aliases)
  File "/home/suraj/Desktop/JobBackend/JobPortalBackend/venv/lib/python3.10/site-packages/django/db/models/sql/query.py", line 1529, in _add_q
    child_clause, needed_inner = self.build_filter(
  File "/home/suraj/Desktop/JobBackend/JobPortalBackend/venv/lib/python3.10/site-packages/django/db/models/sql/query.py", line 1417, in build_filter
    self.check_related_objects(join_info.final_field, value, join_info.opts)
  File "/home/suraj/Desktop/JobBackend/JobPortalBackend/venv/lib/python3.10/site-packages/django/db/models/sql/query.py", line 1228, in check_related_objects
    self.check_query_object_type(value, opts, field)
  File "/home/suraj/Desktop/JobBackend/JobPortalBackend/venv/lib/python3.10/site-packages/django/db/models/sql/query.py", line 1205, in check_query_object_type
    raise ValueError(
ValueError: Cannot query "student163@gmail.com": Must be "Job" instance.
2023-05-13 06:14:56 ERROR django.server "GET /api/v1/student/job-apply-list/ HTTP/1.1" 500 148033
2023-05-13 06:16:31 ERROR django.request Internal Server Error: /api/v1/student/job-apply-list/
Traceback (most recent call last):
  File "/home/suraj/Desktop/JobBackend/JobPortalBackend/venv/lib/python3.10/site-packages/django/core/handlers/exception.py", line 55, in inner
    response = get_response(request)
  File "/home/suraj/Desktop/JobBackend/JobPortalBackend/venv/lib/python3.10/site-packages/django/core/handlers/base.py", line 197, in _get_response
    response = wrapped_callback(request, *callback_args, **callback_kwargs)
  File "/home/suraj/Desktop/JobBackend/JobPortalBackend/venv/lib/python3.10/site-packages/django/views/decorators/csrf.py", line 56, in wrapper_view
    return view_func(*args, **kwargs)
  File "/home/suraj/Desktop/JobBackend/JobPortalBackend/venv/lib/python3.10/site-packages/django/views/generic/base.py", line 104, in view
    return self.dispatch(request, *args, **kwargs)
  File "/home/suraj/Desktop/JobBackend/JobPortalBackend/venv/lib/python3.10/site-packages/rest_framework/views.py", line 509, in dispatch
    response = self.handle_exception(exc)
  File "/home/suraj/Desktop/JobBackend/JobPortalBackend/venv/lib/python3.10/site-packages/rest_framework/views.py", line 469, in handle_exception
    self.raise_uncaught_exception(exc)
  File "/home/suraj/Desktop/JobBackend/JobPortalBackend/venv/lib/python3.10/site-packages/rest_framework/views.py", line 480, in raise_uncaught_exception
    raise exc
  File "/home/suraj/Desktop/JobBackend/JobPortalBackend/venv/lib/python3.10/site-packages/rest_framework/views.py", line 506, in dispatch
    response = handler(request, *args, **kwargs)
  File "/home/suraj/Desktop/JobBackend/JobPortalBackend/venv/lib/python3.10/site-packages/drf_spectacular/drainage.py", line 193, in wrapped_method
    return method(self, request, *args, **kwargs)
  File "/home/suraj/Desktop/JobBackend/JobPortalBackend/venv/lib/python3.10/site-packages/rest_framework/generics.py", line 199, in get
    return self.list(request, *args, **kwargs)
  File "/home/suraj/Desktop/JobBackend/JobPortalBackend/student/api/viewsets/change_profile.py", line 160, in list
    queryset = self.filter_queryset(self.get_queryset()).filter(
  File "/home/suraj/Desktop/JobBackend/JobPortalBackend/venv/lib/python3.10/site-packages/django/db/models/query.py", line 1436, in filter
    return self._filter_or_exclude(False, args, kwargs)
  File "/home/suraj/Desktop/JobBackend/JobPortalBackend/venv/lib/python3.10/site-packages/django/db/models/query.py", line 1454, in _filter_or_exclude
    clone._filter_or_exclude_inplace(negate, args, kwargs)
  File "/home/suraj/Desktop/JobBackend/JobPortalBackend/venv/lib/python3.10/site-packages/django/db/models/query.py", line 1461, in _filter_or_exclude_inplace
    self._query.add_q(Q(*args, **kwargs))
  File "/home/suraj/Desktop/JobBackend/JobPortalBackend/venv/lib/python3.10/site-packages/django/db/models/sql/query.py", line 1498, in add_q
    clause, _ = self._add_q(q_object, self.used_aliases)
  File "/home/suraj/Desktop/JobBackend/JobPortalBackend/venv/lib/python3.10/site-packages/django/db/models/sql/query.py", line 1529, in _add_q
    child_clause, needed_inner = self.build_filter(
  File "/home/suraj/Desktop/JobBackend/JobPortalBackend/venv/lib/python3.10/site-packages/django/db/models/sql/query.py", line 1417, in build_filter
    self.check_related_objects(join_info.final_field, value, join_info.opts)
  File "/home/suraj/Desktop/JobBackend/JobPortalBackend/venv/lib/python3.10/site-packages/django/db/models/sql/query.py", line 1228, in check_related_objects
    self.check_query_object_type(value, opts, field)
  File "/home/suraj/Desktop/JobBackend/JobPortalBackend/venv/lib/python3.10/site-packages/django/db/models/sql/query.py", line 1205, in check_query_object_type
    raise ValueError(
ValueError: Cannot query "student163@gmail.com": Must be "Job" instance.
2023-05-13 06:16:31 ERROR django.server "GET /api/v1/student/job-apply-list/ HTTP/1.1" 500 148038
2023-05-13 06:18:35 ERROR django.request Internal Server Error: /api/v1/student/job-apply-list/
Traceback (most recent call last):
  File "/home/suraj/Desktop/JobBackend/JobPortalBackend/venv/lib/python3.10/site-packages/django/core/handlers/exception.py", line 55, in inner
    response = get_response(request)
  File "/home/suraj/Desktop/JobBackend/JobPortalBackend/venv/lib/python3.10/site-packages/django/core/handlers/base.py", line 197, in _get_response
    response = wrapped_callback(request, *callback_args, **callback_kwargs)
  File "/home/suraj/Desktop/JobBackend/JobPortalBackend/venv/lib/python3.10/site-packages/django/views/decorators/csrf.py", line 56, in wrapper_view
    return view_func(*args, **kwargs)
  File "/home/suraj/Desktop/JobBackend/JobPortalBackend/venv/lib/python3.10/site-packages/django/views/generic/base.py", line 104, in view
    return self.dispatch(request, *args, **kwargs)
  File "/home/suraj/Desktop/JobBackend/JobPortalBackend/venv/lib/python3.10/site-packages/rest_framework/views.py", line 509, in dispatch
    response = self.handle_exception(exc)
  File "/home/suraj/Desktop/JobBackend/JobPortalBackend/venv/lib/python3.10/site-packages/rest_framework/views.py", line 469, in handle_exception
    self.raise_uncaught_exception(exc)
  File "/home/suraj/Desktop/JobBackend/JobPortalBackend/venv/lib/python3.10/site-packages/rest_framework/views.py", line 480, in raise_uncaught_exception
    raise exc
  File "/home/suraj/Desktop/JobBackend/JobPortalBackend/venv/lib/python3.10/site-packages/rest_framework/views.py", line 506, in dispatch
    response = handler(request, *args, **kwargs)
  File "/home/suraj/Desktop/JobBackend/JobPortalBackend/venv/lib/python3.10/site-packages/drf_spectacular/drainage.py", line 193, in wrapped_method
    return method(self, request, *args, **kwargs)
  File "/home/suraj/Desktop/JobBackend/JobPortalBackend/venv/lib/python3.10/site-packages/rest_framework/generics.py", line 199, in get
    return self.list(request, *args, **kwargs)
  File "/home/suraj/Desktop/JobBackend/JobPortalBackend/student/api/viewsets/change_profile.py", line 160, in list
    queryset = self.filter_queryset(self.get_queryset()).filter(
  File "/home/suraj/Desktop/JobBackend/JobPortalBackend/venv/lib/python3.10/site-packages/django/db/models/query.py", line 1436, in filter
    return self._filter_or_exclude(False, args, kwargs)
  File "/home/suraj/Desktop/JobBackend/JobPortalBackend/venv/lib/python3.10/site-packages/django/db/models/query.py", line 1454, in _filter_or_exclude
    clone._filter_or_exclude_inplace(negate, args, kwargs)
  File "/home/suraj/Desktop/JobBackend/JobPortalBackend/venv/lib/python3.10/site-packages/django/db/models/query.py", line 1461, in _filter_or_exclude_inplace
    self._query.add_q(Q(*args, **kwargs))
  File "/home/suraj/Desktop/JobBackend/JobPortalBackend/venv/lib/python3.10/site-packages/django/db/models/sql/query.py", line 1498, in add_q
    clause, _ = self._add_q(q_object, self.used_aliases)
  File "/home/suraj/Desktop/JobBackend/JobPortalBackend/venv/lib/python3.10/site-packages/django/db/models/sql/query.py", line 1529, in _add_q
    child_clause, needed_inner = self.build_filter(
  File "/home/suraj/Desktop/JobBackend/JobPortalBackend/venv/lib/python3.10/site-packages/django/db/models/sql/query.py", line 1417, in build_filter
    self.check_related_objects(join_info.final_field, value, join_info.opts)
  File "/home/suraj/Desktop/JobBackend/JobPortalBackend/venv/lib/python3.10/site-packages/django/db/models/sql/query.py", line 1228, in check_related_objects
    self.check_query_object_type(value, opts, field)
  File "/home/suraj/Desktop/JobBackend/JobPortalBackend/venv/lib/python3.10/site-packages/django/db/models/sql/query.py", line 1205, in check_query_object_type
    raise ValueError(
ValueError: Cannot query "student163@gmail.com": Must be "Job" instance.
2023-05-13 06:18:35 ERROR django.server "GET /api/v1/student/job-apply-list/ HTTP/1.1" 500 148038
2023-05-13 06:18:40 ERROR django.request Internal Server Error: /api/v1/student/job-apply-list/
Traceback (most recent call last):
  File "/home/suraj/Desktop/JobBackend/JobPortalBackend/venv/lib/python3.10/site-packages/django/core/handlers/exception.py", line 55, in inner
    response = get_response(request)
  File "/home/suraj/Desktop/JobBackend/JobPortalBackend/venv/lib/python3.10/site-packages/django/core/handlers/base.py", line 197, in _get_response
    response = wrapped_callback(request, *callback_args, **callback_kwargs)
  File "/home/suraj/Desktop/JobBackend/JobPortalBackend/venv/lib/python3.10/site-packages/django/views/decorators/csrf.py", line 56, in wrapper_view
    return view_func(*args, **kwargs)
  File "/home/suraj/Desktop/JobBackend/JobPortalBackend/venv/lib/python3.10/site-packages/django/views/generic/base.py", line 104, in view
    return self.dispatch(request, *args, **kwargs)
  File "/home/suraj/Desktop/JobBackend/JobPortalBackend/venv/lib/python3.10/site-packages/rest_framework/views.py", line 509, in dispatch
    response = self.handle_exception(exc)
  File "/home/suraj/Desktop/JobBackend/JobPortalBackend/venv/lib/python3.10/site-packages/rest_framework/views.py", line 469, in handle_exception
    self.raise_uncaught_exception(exc)
  File "/home/suraj/Desktop/JobBackend/JobPortalBackend/venv/lib/python3.10/site-packages/rest_framework/views.py", line 480, in raise_uncaught_exception
    raise exc
  File "/home/suraj/Desktop/JobBackend/JobPortalBackend/venv/lib/python3.10/site-packages/rest_framework/views.py", line 506, in dispatch
    response = handler(request, *args, **kwargs)
  File "/home/suraj/Desktop/JobBackend/JobPortalBackend/venv/lib/python3.10/site-packages/drf_spectacular/drainage.py", line 193, in wrapped_method
    return method(self, request, *args, **kwargs)
  File "/home/suraj/Desktop/JobBackend/JobPortalBackend/venv/lib/python3.10/site-packages/rest_framework/generics.py", line 199, in get
    return self.list(request, *args, **kwargs)
  File "/home/suraj/Desktop/JobBackend/JobPortalBackend/student/api/viewsets/change_profile.py", line 160, in list
    queryset = self.filter_queryset(self.get_queryset()).filter(
  File "/home/suraj/Desktop/JobBackend/JobPortalBackend/venv/lib/python3.10/site-packages/django/db/models/query.py", line 1436, in filter
    return self._filter_or_exclude(False, args, kwargs)
  File "/home/suraj/Desktop/JobBackend/JobPortalBackend/venv/lib/python3.10/site-packages/django/db/models/query.py", line 1454, in _filter_or_exclude
    clone._filter_or_exclude_inplace(negate, args, kwargs)
  File "/home/suraj/Desktop/JobBackend/JobPortalBackend/venv/lib/python3.10/site-packages/django/db/models/query.py", line 1461, in _filter_or_exclude_inplace
    self._query.add_q(Q(*args, **kwargs))
  File "/home/suraj/Desktop/JobBackend/JobPortalBackend/venv/lib/python3.10/site-packages/django/db/models/sql/query.py", line 1498, in add_q
    clause, _ = self._add_q(q_object, self.used_aliases)
  File "/home/suraj/Desktop/JobBackend/JobPortalBackend/venv/lib/python3.10/site-packages/django/db/models/sql/query.py", line 1529, in _add_q
    child_clause, needed_inner = self.build_filter(
  File "/home/suraj/Desktop/JobBackend/JobPortalBackend/venv/lib/python3.10/site-packages/django/db/models/sql/query.py", line 1417, in build_filter
    self.check_related_objects(join_info.final_field, value, join_info.opts)
  File "/home/suraj/Desktop/JobBackend/JobPortalBackend/venv/lib/python3.10/site-packages/django/db/models/sql/query.py", line 1228, in check_related_objects
    self.check_query_object_type(value, opts, field)
  File "/home/suraj/Desktop/JobBackend/JobPortalBackend/venv/lib/python3.10/site-packages/django/db/models/sql/query.py", line 1205, in check_query_object_type
    raise ValueError(
ValueError: Cannot query "student163@gmail.com": Must be "Job" instance.
2023-05-13 06:18:40 ERROR django.server "GET /api/v1/student/job-apply-list/ HTTP/1.1" 500 148038
