2023-05-08 03:00:35 WARNING django.request Bad Request: /api/v1/accounts/student-create/
2023-05-08 03:00:35 WARNING django.server "POST /api/v1/accounts/student-create/ HTTP/1.1" 400 77
2023-05-08 03:00:47 WARNING django.request Bad Request: /api/v1/accounts/student-create/
2023-05-08 03:00:47 WARNING django.server "POST /api/v1/accounts/student-create/ HTTP/1.1" 400 45
2023-05-08 03:13:53 WARNING django.request Bad Request: /api/v1/accounts/student-create/
2023-05-08 03:13:53 WARNING django.server "POST /api/v1/accounts/student-create/ HTTP/1.1" 400 82
2023-05-08 03:14:16 WARNING django.request Bad Request: /api/v1/accounts/student-create/
2023-05-08 03:14:16 WARNING django.server "POST /api/v1/accounts/student-create/ HTTP/1.1" 400 45
2023-05-08 03:40:16 WARNING django.request Bad Request: /api/v1/accounts/student-create/
2023-05-08 03:40:16 WARNING django.server "POST /api/v1/accounts/student-create/ HTTP/1.1" 400 82
2023-05-08 03:40:24 WARNING django.request Bad Request: /api/v1/accounts/student-create/
2023-05-08 03:40:24 WARNING django.server "POST /api/v1/accounts/student-create/ HTTP/1.1" 400 45
2023-05-08 03:44:30 WARNING django.request Bad Request: /api/v1/accounts/student-create/
2023-05-08 03:44:30 WARNING django.server "POST /api/v1/accounts/student-create/ HTTP/1.1" 400 77
2023-05-08 03:44:36 WARNING django.request Bad Request: /api/v1/accounts/student-create/
2023-05-08 03:44:36 WARNING django.server "POST /api/v1/accounts/student-create/ HTTP/1.1" 400 82
2023-05-08 03:44:43 WARNING django.request Bad Request: /api/v1/accounts/student-create/
2023-05-08 03:44:43 WARNING django.server "POST /api/v1/accounts/student-create/ HTTP/1.1" 400 82
2023-05-08 03:44:53 WARNING django.request Bad Request: /api/v1/accounts/student-create/
2023-05-08 03:44:53 WARNING django.server "POST /api/v1/accounts/student-create/ HTTP/1.1" 400 45
2023-05-08 03:45:15 WARNING django.request Bad Request: /api/v1/accounts/student-create/
2023-05-08 03:45:15 WARNING django.server "POST /api/v1/accounts/student-create/ HTTP/1.1" 400 45
2023-05-08 03:46:25 WARNING django.request Bad Request: /api/v1/accounts/student-create/
2023-05-08 03:46:25 WARNING django.server "POST /api/v1/accounts/student-create/ HTTP/1.1" 400 71
2023-05-08 03:46:43 WARNING django.request Bad Request: /api/v1/accounts/student-create/
2023-05-08 03:46:43 WARNING django.server "POST /api/v1/accounts/student-create/ HTTP/1.1" 400 69
2023-05-08 03:49:54 WARNING django.request Bad Request: /api/v1/accounts/student-create/
2023-05-08 03:49:54 WARNING django.server "POST /api/v1/accounts/student-create/ HTTP/1.1" 400 90
2023-05-08 03:55:11 WARNING django.request Bad Request: /api/v1/accounts/student-create/
2023-05-08 03:55:11 WARNING django.server "POST /api/v1/accounts/student-create/ HTTP/1.1" 400 190
2023-05-08 03:55:27 WARNING django.request Bad Request: /api/v1/accounts/student-create/
2023-05-08 03:55:27 WARNING django.server "POST /api/v1/accounts/student-create/ HTTP/1.1" 400 82
2023-05-08 03:56:44 WARNING django.request Bad Request: /api/v1/accounts/student-create/
2023-05-08 03:56:44 WARNING django.server "POST /api/v1/accounts/student-create/ HTTP/1.1" 400 69
2023-05-08 04:08:43 WARNING django.request Bad Request: /api/v1/accounts/student-create/
2023-05-08 04:08:43 WARNING django.server "POST /api/v1/accounts/student-create/ HTTP/1.1" 400 190
2023-05-08 04:08:51 WARNING django.request Bad Request: /api/v1/accounts/student-create/
2023-05-08 04:08:51 WARNING django.server "POST /api/v1/accounts/student-create/ HTTP/1.1" 400 190
2023-05-08 04:08:57 WARNING django.request Bad Request: /api/v1/accounts/student-create/
2023-05-08 04:08:57 WARNING django.server "POST /api/v1/accounts/student-create/ HTTP/1.1" 400 77
2023-05-08 04:09:14 WARNING django.request Bad Request: /api/v1/accounts/student-create/
2023-05-08 04:09:14 WARNING django.server "POST /api/v1/accounts/student-create/ HTTP/1.1" 400 82
2023-05-08 04:39:17 WARNING django.request Bad Request: /api/v1/accounts/student-create/
2023-05-08 04:39:17 WARNING django.server "POST /api/v1/accounts/student-create/ HTTP/1.1" 400 190
2023-05-08 04:39:31 WARNING django.request Bad Request: /api/v1/accounts/student-create/
2023-05-08 04:39:31 WARNING django.server "POST /api/v1/accounts/student-create/ HTTP/1.1" 400 82
2023-05-08 04:39:39 WARNING django.request Bad Request: /api/v1/accounts/student-create/
2023-05-08 04:39:39 WARNING django.server "POST /api/v1/accounts/student-create/ HTTP/1.1" 400 82
2023-05-08 04:39:40 WARNING django.request Bad Request: /api/v1/accounts/student-create/
2023-05-08 04:39:40 WARNING django.server "POST /api/v1/accounts/student-create/ HTTP/1.1" 400 82
2023-05-08 04:39:42 WARNING django.request Bad Request: /api/v1/accounts/student-create/
2023-05-08 04:39:42 WARNING django.server "POST /api/v1/accounts/student-create/ HTTP/1.1" 400 82
2023-05-08 04:39:43 WARNING django.request Bad Request: /api/v1/accounts/student-create/
2023-05-08 04:39:43 WARNING django.server "POST /api/v1/accounts/student-create/ HTTP/1.1" 400 82
2023-05-08 04:39:50 WARNING django.request Bad Request: /api/v1/accounts/student-create/
2023-05-08 04:39:50 WARNING django.server "POST /api/v1/accounts/student-create/ HTTP/1.1" 400 82
2023-05-08 04:39:58 WARNING django.request Bad Request: /api/v1/accounts/student-create/
2023-05-08 04:39:58 WARNING django.server "POST /api/v1/accounts/student-create/ HTTP/1.1" 400 91
2023-05-08 05:17:37 WARNING django.request Bad Request: /api/v1/accounts/student-create/
2023-05-08 05:17:37 WARNING django.server "POST /api/v1/accounts/student-create/ HTTP/1.1" 400 82
2023-05-08 05:29:19 WARNING django.request Bad Request: /api/v1/accounts/student-create/
2023-05-08 05:29:19 WARNING django.server "POST /api/v1/accounts/student-create/ HTTP/1.1" 400 77
2023-05-08 05:29:26 WARNING django.request Bad Request: /api/v1/accounts/student-create/
2023-05-08 05:29:26 WARNING django.server "POST /api/v1/accounts/student-create/ HTTP/1.1" 400 82
2023-05-08 05:33:17 WARNING django.request Bad Request: /api/v1/accounts/student-create/
2023-05-08 05:33:17 WARNING django.server "POST /api/v1/accounts/student-create/ HTTP/1.1" 400 190
2023-05-08 05:33:24 WARNING django.request Bad Request: /api/v1/accounts/student-create/
2023-05-08 05:33:24 WARNING django.server "POST /api/v1/accounts/student-create/ HTTP/1.1" 400 190
2023-05-08 05:33:27 WARNING django.request Bad Request: /api/v1/accounts/student-create/
2023-05-08 05:33:27 WARNING django.server "POST /api/v1/accounts/student-create/ HTTP/1.1" 400 190
2023-05-08 05:33:36 WARNING django.request Bad Request: /api/v1/accounts/student-create/
2023-05-08 05:33:36 WARNING django.server "POST /api/v1/accounts/student-create/ HTTP/1.1" 400 82
2023-05-08 05:33:46 WARNING django.request Bad Request: /api/v1/accounts/student-create/
2023-05-08 05:33:46 WARNING django.server "POST /api/v1/accounts/student-create/ HTTP/1.1" 400 80
2023-05-08 05:33:55 WARNING django.request Bad Request: /api/v1/accounts/student-create/
2023-05-08 05:33:55 WARNING django.server "POST /api/v1/accounts/student-create/ HTTP/1.1" 400 80
2023-05-08 05:33:57 WARNING django.request Bad Request: /api/v1/accounts/student-create/
2023-05-08 05:33:57 WARNING django.server "POST /api/v1/accounts/student-create/ HTTP/1.1" 400 80
2023-05-08 05:35:04 WARNING django.request Bad Request: /api/v1/accounts/student-create/
2023-05-08 05:35:04 WARNING django.server "POST /api/v1/accounts/student-create/ HTTP/1.1" 400 80
2023-05-08 05:35:06 WARNING django.request Bad Request: /api/v1/accounts/student-create/
2023-05-08 05:35:06 WARNING django.server "POST /api/v1/accounts/student-create/ HTTP/1.1" 400 80
2023-05-08 05:35:07 WARNING django.request Bad Request: /api/v1/accounts/student-create/
2023-05-08 05:35:07 WARNING django.server "POST /api/v1/accounts/student-create/ HTTP/1.1" 400 80
2023-05-08 05:35:08 WARNING django.request Bad Request: /api/v1/accounts/student-create/
2023-05-08 05:35:08 WARNING django.server "POST /api/v1/accounts/student-create/ HTTP/1.1" 400 80
2023-05-08 05:35:24 WARNING django.request Bad Request: /api/v1/accounts/student-create/
2023-05-08 05:35:24 WARNING django.server "POST /api/v1/accounts/student-create/ HTTP/1.1" 400 80
2023-05-08 05:35:25 WARNING django.request Bad Request: /api/v1/accounts/student-create/
2023-05-08 05:35:25 WARNING django.server "POST /api/v1/accounts/student-create/ HTTP/1.1" 400 80
2023-05-08 05:35:25 WARNING django.request Bad Request: /api/v1/accounts/student-create/
2023-05-08 05:35:25 WARNING django.server "POST /api/v1/accounts/student-create/ HTTP/1.1" 400 80
2023-05-08 05:35:25 WARNING django.request Bad Request: /api/v1/accounts/student-create/
2023-05-08 05:35:25 WARNING django.server "POST /api/v1/accounts/student-create/ HTTP/1.1" 400 80
2023-05-08 05:35:25 WARNING django.request Bad Request: /api/v1/accounts/student-create/
2023-05-08 05:35:25 WARNING django.server "POST /api/v1/accounts/student-create/ HTTP/1.1" 400 80
2023-05-08 05:35:25 WARNING django.request Bad Request: /api/v1/accounts/student-create/
2023-05-08 05:35:25 WARNING django.server "POST /api/v1/accounts/student-create/ HTTP/1.1" 400 80
2023-05-08 05:35:26 WARNING django.request Bad Request: /api/v1/accounts/student-create/
2023-05-08 05:35:26 WARNING django.server "POST /api/v1/accounts/student-create/ HTTP/1.1" 400 80
2023-05-08 05:35:26 WARNING django.request Bad Request: /api/v1/accounts/student-create/
2023-05-08 05:35:26 WARNING django.server "POST /api/v1/accounts/student-create/ HTTP/1.1" 400 80
2023-05-08 05:35:27 WARNING django.request Bad Request: /api/v1/accounts/student-create/
2023-05-08 05:35:27 WARNING django.server "POST /api/v1/accounts/student-create/ HTTP/1.1" 400 80
2023-05-08 05:41:47 WARNING django.request Bad Request: /api/v1/accounts/student-create/
2023-05-08 05:41:47 WARNING django.server "POST /api/v1/accounts/student-create/ HTTP/1.1" 400 190
2023-05-08 05:42:02 WARNING django.request Bad Request: /api/v1/accounts/student-create/
2023-05-08 05:42:02 WARNING django.server "POST /api/v1/accounts/student-create/ HTTP/1.1" 400 80
2023-05-08 06:52:50 WARNING django.request Bad Request: /api/v1/accounts/student-create/
2023-05-08 06:52:50 WARNING django.server "POST /api/v1/accounts/student-create/ HTTP/1.1" 400 190
2023-05-08 07:10:13 WARNING django.request Unprocessable Entity: /api/v1/accounts/recruiter-login/
2023-05-08 07:10:13 WARNING django.server "POST /api/v1/accounts/recruiter-login/ HTTP/1.1" 422 72
2023-05-08 08:06:09 WARNING django.request Unprocessable Entity: /api/v1/accounts/student-login/
2023-05-08 08:06:09 WARNING django.server "POST /api/v1/accounts/student-login/ HTTP/1.1" 422 63
2023-05-08 08:06:24 WARNING django.request Unprocessable Entity: /api/v1/accounts/student-login/
2023-05-08 08:06:24 WARNING django.server "POST /api/v1/accounts/student-login/ HTTP/1.1" 422 62
2023-05-08 08:06:26 WARNING django.request Unprocessable Entity: /api/v1/accounts/student-login/
2023-05-08 08:06:26 WARNING django.server "POST /api/v1/accounts/student-login/ HTTP/1.1" 422 62
2023-05-08 08:06:27 WARNING django.request Unprocessable Entity: /api/v1/accounts/student-login/
2023-05-08 08:06:27 WARNING django.server "POST /api/v1/accounts/student-login/ HTTP/1.1" 422 62
2023-05-08 08:06:32 WARNING django.request Unprocessable Entity: /api/v1/accounts/student-login/
2023-05-08 08:06:32 WARNING django.server "POST /api/v1/accounts/student-login/ HTTP/1.1" 422 62
2023-05-08 08:06:32 WARNING django.request Unprocessable Entity: /api/v1/accounts/student-login/
2023-05-08 08:06:32 WARNING django.server "POST /api/v1/accounts/student-login/ HTTP/1.1" 422 62
2023-05-08 08:06:33 WARNING django.request Unprocessable Entity: /api/v1/accounts/student-login/
2023-05-08 08:06:33 WARNING django.server "POST /api/v1/accounts/student-login/ HTTP/1.1" 422 62
2023-05-08 08:07:26 WARNING django.request Not Found: /favicon.ico
2023-05-08 08:07:26 WARNING django.server "GET /favicon.ico HTTP/1.1" 404 2476
2023-05-08 08:08:05 WARNING django.request Unprocessable Entity: /api/v1/accounts/student-login/
2023-05-08 08:08:05 WARNING django.server "POST /api/v1/accounts/student-login/ HTTP/1.1" 422 50
2023-05-08 08:08:06 WARNING django.request Unprocessable Entity: /api/v1/accounts/student-login/
2023-05-08 08:08:06 WARNING django.server "POST /api/v1/accounts/student-login/ HTTP/1.1" 422 50
2023-05-08 08:08:09 WARNING django.request Unprocessable Entity: /api/v1/accounts/student-login/
2023-05-08 08:08:09 WARNING django.server "POST /api/v1/accounts/student-login/ HTTP/1.1" 422 50
2023-05-08 08:08:12 WARNING django.request Unprocessable Entity: /api/v1/accounts/student-login/
2023-05-08 08:08:12 WARNING django.server "POST /api/v1/accounts/student-login/ HTTP/1.1" 422 50
2023-05-08 08:08:14 WARNING django.request Unprocessable Entity: /api/v1/accounts/student-login/
2023-05-08 08:08:14 WARNING django.server "POST /api/v1/accounts/student-login/ HTTP/1.1" 422 50
2023-05-08 08:08:15 WARNING django.request Unprocessable Entity: /api/v1/accounts/student-login/
2023-05-08 08:08:15 WARNING django.server "POST /api/v1/accounts/student-login/ HTTP/1.1" 422 50
2023-05-08 08:08:22 WARNING django.request Unprocessable Entity: /api/v1/accounts/student-login/
2023-05-08 08:08:22 WARNING django.server "POST /api/v1/accounts/student-login/ HTTP/1.1" 422 50
2023-05-08 08:08:29 WARNING django.request Unprocessable Entity: /api/v1/accounts/student-login/
2023-05-08 08:08:29 WARNING django.server "POST /api/v1/accounts/student-login/ HTTP/1.1" 422 50
2023-05-08 08:08:36 WARNING django.request Unprocessable Entity: /api/v1/accounts/student-login/
2023-05-08 08:08:36 WARNING django.server "POST /api/v1/accounts/student-login/ HTTP/1.1" 422 50
2023-05-08 08:09:30 WARNING django.request Bad Request: /api/v1/accounts/student-create/
2023-05-08 08:09:30 WARNING django.server "POST /api/v1/accounts/student-create/ HTTP/1.1" 400 82
2023-05-08 08:20:59 WARNING django.request Unprocessable Entity: /api/v1/accounts/student-login/
2023-05-08 08:20:59 WARNING django.server "POST /api/v1/accounts/student-login/ HTTP/1.1" 422 66
2023-05-08 08:21:07 WARNING django.request Unprocessable Entity: /api/v1/accounts/student-login/
2023-05-08 08:21:07 WARNING django.server "POST /api/v1/accounts/student-login/ HTTP/1.1" 422 66
2023-05-08 08:21:08 WARNING django.request Unprocessable Entity: /api/v1/accounts/student-login/
2023-05-08 08:21:08 WARNING django.server "POST /api/v1/accounts/student-login/ HTTP/1.1" 422 66
2023-05-08 08:21:10 WARNING django.request Unprocessable Entity: /api/v1/accounts/student-login/
2023-05-08 08:21:10 WARNING django.server "POST /api/v1/accounts/student-login/ HTTP/1.1" 422 76
2023-05-08 08:21:55 WARNING django.request Unprocessable Entity: /api/v1/accounts/student-login/
2023-05-08 08:21:55 WARNING django.server "POST /api/v1/accounts/student-login/ HTTP/1.1" 422 66
2023-05-08 08:21:55 WARNING django.request Unprocessable Entity: /api/v1/accounts/student-login/
2023-05-08 08:21:55 WARNING django.server "POST /api/v1/accounts/student-login/ HTTP/1.1" 422 66
2023-05-08 08:22:03 WARNING django.request Unprocessable Entity: /api/v1/accounts/recruiter-login/
2023-05-08 08:22:03 WARNING django.server "POST /api/v1/accounts/recruiter-login/ HTTP/1.1" 422 72
2023-05-08 08:29:01 WARNING django.request Bad Request: /api/v1/accounts/recruiter-create/
2023-05-08 08:29:01 WARNING django.server "POST /api/v1/accounts/recruiter-create/ HTTP/1.1" 400 77
2023-05-08 08:30:49 WARNING django.request Unprocessable Entity: /api/v1/accounts/student-login/
2023-05-08 08:30:49 WARNING django.server "POST /api/v1/accounts/student-login/ HTTP/1.1" 422 80
2023-05-08 08:31:18 WARNING django.request Unprocessable Entity: /api/v1/accounts/recruiter-login/
2023-05-08 08:31:18 WARNING django.server "POST /api/v1/accounts/recruiter-login/ HTTP/1.1" 422 73
2023-05-08 08:47:00 WARNING django.request Unauthorized: /api/v1/recruiter/job-list/
2023-05-08 08:47:00 WARNING django.server "GET /api/v1/recruiter/job-list/ HTTP/1.1" 401 183
2023-05-08 08:48:10 WARNING django.request Unauthorized: /api/v1/recruiter/job-list/
2023-05-08 08:48:10 WARNING django.server "GET /api/v1/recruiter/job-list/ HTTP/1.1" 401 183
2023-05-08 08:50:37 WARNING django.request Not Found: /
2023-05-08 08:50:37 WARNING django.server "GET / HTTP/1.1" 404 2425
2023-05-08 09:08:34 WARNING django.request Unprocessable Entity: /api/v1/accounts/student-login/
2023-05-08 09:08:34 WARNING django.server "POST /api/v1/accounts/student-login/ HTTP/1.1" 422 80
2023-05-08 09:33:23 WARNING django.request Unprocessable Entity: /api/v1/accounts/student-login/
2023-05-08 09:33:23 WARNING django.server "POST /api/v1/accounts/student-login/ HTTP/1.1" 422 80
2023-05-08 09:46:29 WARNING django.request Unprocessable Entity: /api/v1/accounts/student-login/
2023-05-08 09:46:29 WARNING django.server "POST /api/v1/accounts/student-login/ HTTP/1.1" 422 80
2023-05-08 10:00:50 WARNING django.request Unprocessable Entity: /api/v1/accounts/student-login/
2023-05-08 10:00:50 WARNING django.server "POST /api/v1/accounts/student-login/ HTTP/1.1" 422 80
2023-05-08 10:07:01 WARNING django.request Bad Request: /api/v1/accounts/student-create/
2023-05-08 10:07:01 WARNING django.server "POST /api/v1/accounts/student-create/ HTTP/1.1" 400 190
2023-05-08 10:12:42 WARNING django.request Unprocessable Entity: /api/v1/accounts/student-login/
2023-05-08 10:12:42 WARNING django.server "POST /api/v1/accounts/student-login/ HTTP/1.1" 422 80
2023-05-08 10:12:47 WARNING django.request Unprocessable Entity: /api/v1/accounts/recruiter-login/
2023-05-08 10:12:47 WARNING django.server "POST /api/v1/accounts/recruiter-login/ HTTP/1.1" 422 83
2023-05-08 10:28:40 WARNING django.request Bad Request: /api/v1/accounts/student-create/
2023-05-08 10:28:40 WARNING django.server "POST /api/v1/accounts/student-create/ HTTP/1.1" 400 69
2023-05-08 10:29:07 WARNING django.request Bad Request: /api/v1/accounts/student-create/
2023-05-08 10:29:07 WARNING django.server "POST /api/v1/accounts/student-create/ HTTP/1.1" 400 77
2023-05-08 10:35:03 WARNING django.request Bad Request: /api/v1/accounts/recruiter-create/
2023-05-08 10:35:03 WARNING django.server "POST /api/v1/accounts/recruiter-create/ HTTP/1.1" 400 82
2023-05-08 10:35:26 WARNING django.request Unprocessable Entity: /api/v1/accounts/student-login/
2023-05-08 10:35:26 WARNING django.server "POST /api/v1/accounts/student-login/ HTTP/1.1" 422 80
2023-05-08 11:09:29 WARNING django.request Unprocessable Entity: /api/v1/accounts/student-login/
2023-05-08 11:09:29 WARNING django.server "POST /api/v1/accounts/student-login/ HTTP/1.1" 422 80
2023-05-08 11:09:34 WARNING django.request Unprocessable Entity: /api/v1/accounts/recruiter-login/
2023-05-08 11:09:34 WARNING django.server "POST /api/v1/accounts/recruiter-login/ HTTP/1.1" 422 73
2023-05-08 11:09:42 WARNING django.request Not Found: /
2023-05-08 11:09:42 WARNING django.server "GET / HTTP/1.1" 404 2425
2023-05-08 11:09:42 WARNING django.request Not Found: /favicon.ico
2023-05-08 11:09:42 WARNING django.server "GET /favicon.ico HTTP/1.1" 404 2476
2023-05-08 11:41:16 WARNING django.request Bad Request: /api/v1/accounts/recruiter-create/
2023-05-08 11:41:16 WARNING django.server "POST /api/v1/accounts/recruiter-create/ HTTP/1.1" 400 77
2023-05-08 11:44:44 WARNING django.request Unprocessable Entity: /api/v1/accounts/student-login/
2023-05-08 11:44:44 WARNING django.server "POST /api/v1/accounts/student-login/ HTTP/1.1" 422 80
2023-05-08 16:20:21 WARNING django.request Unprocessable Entity: /api/v1/accounts/student-login/
2023-05-08 16:20:21 WARNING django.server "POST /api/v1/accounts/student-login/ HTTP/1.1" 422 80
2023-05-08 16:20:27 WARNING django.request Unprocessable Entity: /api/v1/accounts/recruiter-login/
2023-05-08 16:20:27 WARNING django.server "POST /api/v1/accounts/recruiter-login/ HTTP/1.1" 422 70
2023-05-08 16:20:30 WARNING django.request Unprocessable Entity: /api/v1/accounts/recruiter-login/
2023-05-08 16:20:30 WARNING django.server "POST /api/v1/accounts/recruiter-login/ HTTP/1.1" 422 70
2023-05-08 16:25:30 WARNING django.request Unprocessable Entity: /api/v1/accounts/student-login/
2023-05-08 16:25:30 WARNING django.server "POST /api/v1/accounts/student-login/ HTTP/1.1" 422 76
2023-05-08 16:25:38 WARNING django.request Unprocessable Entity: /api/v1/accounts/recruiter-login/
2023-05-08 16:25:38 WARNING django.server "POST /api/v1/accounts/recruiter-login/ HTTP/1.1" 422 78
2023-05-08 16:25:42 WARNING django.request Unprocessable Entity: /api/v1/accounts/recruiter-login/
2023-05-08 16:25:42 WARNING django.server "POST /api/v1/accounts/recruiter-login/ HTTP/1.1" 422 78
2023-05-08 16:25:47 WARNING django.request Unprocessable Entity: /api/v1/accounts/recruiter-login/
2023-05-08 16:25:47 WARNING django.server "POST /api/v1/accounts/recruiter-login/ HTTP/1.1" 422 78
2023-05-08 16:25:57 WARNING django.request Unprocessable Entity: /api/v1/accounts/recruiter-login/
2023-05-08 16:25:57 WARNING django.server "POST /api/v1/accounts/recruiter-login/ HTTP/1.1" 422 78
2023-05-08 16:25:58 WARNING django.request Unprocessable Entity: /api/v1/accounts/recruiter-login/
2023-05-08 16:25:58 WARNING django.server "POST /api/v1/accounts/recruiter-login/ HTTP/1.1" 422 78
2023-05-08 16:26:10 WARNING django.request Not Found: /favicon.ico
2023-05-08 16:26:10 WARNING django.server "GET /favicon.ico HTTP/1.1" 404 2476
2023-05-08 16:26:44 WARNING django.request Unprocessable Entity: /api/v1/accounts/recruiter-login/
2023-05-08 16:26:44 WARNING django.server "POST /api/v1/accounts/recruiter-login/ HTTP/1.1" 422 73
2023-05-08 16:43:56 WARNING django.request Unprocessable Entity: /api/v1/accounts/student-login/
2023-05-08 16:43:56 WARNING django.server "POST /api/v1/accounts/student-login/ HTTP/1.1" 422 80
2023-05-08 17:08:45 WARNING django.request Unprocessable Entity: /api/v1/accounts/student-login/
2023-05-08 17:08:45 WARNING django.server "POST /api/v1/accounts/student-login/ HTTP/1.1" 422 80
