2023-05-09 02:46:08 WARNING django.request Unprocessable Entity: /api/v1/accounts/student-login/
2023-05-09 02:46:08 WARNING django.server "POST /api/v1/accounts/student-login/ HTTP/1.1" 422 80
2023-05-09 05:07:27 WARNING django.request Not Found: /
2023-05-09 05:07:27 WARNING django.server "GET / HTTP/1.1" 404 2425
2023-05-09 05:07:27 WARNING django.request Not Found: /favicon.ico
2023-05-09 05:07:27 WARNING django.server "GET /favicon.ico HTTP/1.1" 404 2476
2023-05-09 10:30:05 ERROR django.request Internal Server Error: /api/v1/recruiter/job-list/
Traceback (most recent call last):
  File "/home/suraj/.local/lib/python3.10/site-packages/django/core/handlers/exception.py", line 55, in inner
    response = get_response(request)
  File "/home/suraj/.local/lib/python3.10/site-packages/django/core/handlers/base.py", line 197, in _get_response
    response = wrapped_callback(request, *callback_args, **callback_kwargs)
  File "/home/suraj/.local/lib/python3.10/site-packages/django/views/decorators/csrf.py", line 56, in wrapper_view
    return view_func(*args, **kwargs)
  File "/home/suraj/.local/lib/python3.10/site-packages/rest_framework/viewsets.py", line 125, in view
    return self.dispatch(request, *args, **kwargs)
  File "/home/suraj/.local/lib/python3.10/site-packages/rest_framework/views.py", line 509, in dispatch
    response = self.handle_exception(exc)
  File "/home/suraj/.local/lib/python3.10/site-packages/rest_framework/views.py", line 469, in handle_exception
    self.raise_uncaught_exception(exc)
  File "/home/suraj/.local/lib/python3.10/site-packages/rest_framework/views.py", line 480, in raise_uncaught_exception
    raise exc
  File "/home/suraj/.local/lib/python3.10/site-packages/rest_framework/views.py", line 506, in dispatch
    response = handler(request, *args, **kwargs)
  File "/home/suraj/Desktop/Jobbackend/recruiter/api/viewsets/add_job.py", line 107, in list
    "jobtitle": seria
NameError: name 'seria' is not defined
2023-05-09 10:30:05 ERROR django.server "GET /api/v1/recruiter/job-list/ HTTP/1.1" 500 18955
